<?xml version="1.0" encoding="utf-8"?><testsuites name="pytest tests"><testsuite name="pytest" errors="0" failures="4" skipped="0" tests="40" time="0.099" timestamp="2026-01-05T14:23:21.907923+02:00" hostname="DESKTOP-LQR1030"><testcase classname="tests.test_mod_0" name="test_mod_0_1" time="0.001" /><testcase classname="tests.test_mod_0" name="test_mod_0_2" time="0.000" /><testcase classname="tests.test_mod_0" name="test_mod_0_3" time="0.000" /><testcase classname="tests.test_mod_0" name="test_mod_0_4" time="0.000" /><testcase classname="tests.test_mod_0" name="test_mod_0_5" time="0.000" /><testcase classname="tests.test_mod_1" name="test_mod_1_1" time="0.000" /><testcase classname="tests.test_mod_1" name="test_mod_1_2" time="0.000" /><testcase classname="tests.test_mod_1" name="test_mod_1_3" time="0.000" /><testcase classname="tests.test_mod_1" name="test_mod_1_4" time="0.000" /><testcase classname="tests.test_mod_1" name="test_mod_1_5" time="0.000" /><testcase classname="tests.test_mod_2" name="test_mod_2_1" time="0.000" /><testcase classname="tests.test_mod_2" name="test_mod_2_2" time="0.000" /><testcase classname="tests.test_mod_2" name="test_mod_2_3" time="0.000" /><testcase classname="tests.test_mod_2" name="test_mod_2_4" time="0.000" /><testcase classname="tests.test_mod_2" name="test_mod_2_5" time="0.000" /><testcase classname="tests.test_mod_3" name="test_mod_3_1" time="0.000" /><testcase classname="tests.test_mod_3" name="test_mod_3_2" time="0.000" /><testcase classname="tests.test_mod_3" name="test_mod_3_3" time="0.000" /><testcase classname="tests.test_mod_3" name="test_mod_3_4" time="0.000" /><testcase classname="tests.test_mod_3" name="test_mod_3_5" time="0.000" /><testcase classname="tests.test_mod_4" name="test_mod_4_1" time="0.000" /><testcase classname="tests.test_mod_4" name="test_mod_4_2" time="0.000" /><testcase classname="tests.test_mod_4" name="test_mod_4_3" time="0.000" /><testcase classname="tests.test_mod_4" name="test_mod_4_4" time="0.000" /><testcase classname="tests.test_mod_4" name="test_mod_4_5" time="0.000" /><testcase classname="tests.test_mod_5" name="test_mod_5_1" time="0.001"><failure message="assert 0 == 4&#10; +  where 0 = add_5(2, 2)">def test_mod_5_1():
&gt;       assert add_5(2, 2) == 4
E       assert 0 == 4
E        +  where 0 = add_5(2, 2)

D:\Bakalaurs\Code\ati-demo\tests\test_mod_5.py:5: AssertionError</failure></testcase><testcase classname="tests.test_mod_5" name="test_mod_5_2" time="0.000"><failure message="assert -2 == 0&#10; +  where -2 = add_5(-1, 1)">def test_mod_5_2():
&gt;       assert add_5(-1, 1) == 0
E       assert -2 == 0
E        +  where -2 = add_5(-1, 1)

D:\Bakalaurs\Code\ati-demo\tests\test_mod_5.py:10: AssertionError</failure></testcase><testcase classname="tests.test_mod_5" name="test_mod_5_3" time="0.000"><failure message="assert 5 == 15&#10; +  where 5 = add_5(10, 5)">def test_mod_5_3():
&gt;       assert add_5(10, 5) == 15
E       assert 5 == 15
E        +  where 5 = add_5(10, 5)

D:\Bakalaurs\Code\ati-demo\tests\test_mod_5.py:15: AssertionError</failure></testcase><testcase classname="tests.test_mod_5" name="test_mod_5_4" time="0.000"><failure message="assert 150 == 50&#10; +  where 150 = add_5(100, -50)">def test_mod_5_4():
&gt;       assert add_5(100, -50) == 50
E       assert 150 == 50
E        +  where 150 = add_5(100, -50)

D:\Bakalaurs\Code\ati-demo\tests\test_mod_5.py:20: AssertionError</failure></testcase><testcase classname="tests.test_mod_5" name="test_mod_5_5" time="0.000" /><testcase classname="tests.test_mod_6" name="test_mod_6_1" time="0.000" /><testcase classname="tests.test_mod_6" name="test_mod_6_2" time="0.000" /><testcase classname="tests.test_mod_6" name="test_mod_6_3" time="0.000" /><testcase classname="tests.test_mod_6" name="test_mod_6_4" time="0.000" /><testcase classname="tests.test_mod_6" name="test_mod_6_5" time="0.000" /><testcase classname="tests.test_mod_7" name="test_mod_7_1" time="0.000" /><testcase classname="tests.test_mod_7" name="test_mod_7_2" time="0.000" /><testcase classname="tests.test_mod_7" name="test_mod_7_3" time="0.000" /><testcase classname="tests.test_mod_7" name="test_mod_7_4" time="0.000" /><testcase classname="tests.test_mod_7" name="test_mod_7_5" time="0.000" /></testsuite></testsuites>