<?xml version="1.0" encoding="utf-8"?><testsuites name="pytest tests"><testsuite name="pytest" errors="0" failures="0" skipped="0" tests="20" time="0.064" timestamp="2026-01-05T14:23:20.740832+02:00" hostname="DESKTOP-LQR1030"><testcase classname="tests.test_mod_0" name="test_mod_0_1" time="0.001" /><testcase classname="tests.test_mod_0" name="test_mod_0_2" time="0.000" /><testcase classname="tests.test_mod_0" name="test_mod_0_3" time="0.000" /><testcase classname="tests.test_mod_0" name="test_mod_0_4" time="0.000" /><testcase classname="tests.test_mod_0" name="test_mod_0_5" time="0.000" /><testcase classname="tests.test_mod_1" name="test_mod_1_1" time="0.000" /><testcase classname="tests.test_mod_1" name="test_mod_1_2" time="0.000" /><testcase classname="tests.test_mod_1" name="test_mod_1_3" time="0.000" /><testcase classname="tests.test_mod_1" name="test_mod_1_4" time="0.000" /><testcase classname="tests.test_mod_1" name="test_mod_1_5" time="0.000" /><testcase classname="tests.test_mod_2" name="test_mod_2_1" time="0.000" /><testcase classname="tests.test_mod_2" name="test_mod_2_2" time="0.000" /><testcase classname="tests.test_mod_2" name="test_mod_2_3" time="0.000" /><testcase classname="tests.test_mod_2" name="test_mod_2_4" time="0.000" /><testcase classname="tests.test_mod_2" name="test_mod_2_5" time="0.000" /><testcase classname="tests.test_mod_3" name="test_mod_3_1" time="0.000" /><testcase classname="tests.test_mod_3" name="test_mod_3_2" time="0.000" /><testcase classname="tests.test_mod_3" name="test_mod_3_3" time="0.000" /><testcase classname="tests.test_mod_3" name="test_mod_3_4" time="0.000" /><testcase classname="tests.test_mod_3" name="test_mod_3_5" time="0.000" /></testsuite></testsuites>