<?xml version="1.0" encoding="utf-8"?><testsuites name="pytest tests"><testsuite name="pytest" errors="0" failures="0" skipped="0" tests="10" time="0.056" timestamp="2025-12-30T18:30:37.946013+02:00" hostname="DESKTOP-LQR1030"><testcase classname="tests.test_mod_0" name="test_mod_0_1" time="0.001" /><testcase classname="tests.test_mod_0" name="test_mod_0_2" time="0.000" /><testcase classname="tests.test_mod_0" name="test_mod_0_3" time="0.000" /><testcase classname="tests.test_mod_0" name="test_mod_0_4" time="0.000" /><testcase classname="tests.test_mod_0" name="test_mod_0_5" time="0.000" /><testcase classname="tests.test_mod_1" name="test_mod_1_1" time="0.000" /><testcase classname="tests.test_mod_1" name="test_mod_1_2" time="0.000" /><testcase classname="tests.test_mod_1" name="test_mod_1_3" time="0.000" /><testcase classname="tests.test_mod_1" name="test_mod_1_4" time="0.000" /><testcase classname="tests.test_mod_1" name="test_mod_1_5" time="0.000" /></testsuite></testsuites>